0 info it worked if it ends with ok
1 verbose cli [ '/Users/wangshijun/.nvm/versions/node/v4.2.1/bin/node',
1 verbose cli   '/Users/wangshijun/.nvm/versions/node/v4.2.1/bin/npm',
1 verbose cli   'login' ]
2 info using npm@3.8.1
3 info using node@v4.2.1
4 verbose adduser before first PUT { _id: 'org.couchdb.user:wangshijun',
4 verbose adduser   name: 'wangshijun',
4 verbose adduser   password: 'XXXXX',
4 verbose adduser   email: 'wangshijun2010@gmail.com',
4 verbose adduser   type: 'user',
4 verbose adduser   roles: [],
4 verbose adduser   date: '2016-03-21T00:03:41.057Z' }
5 verbose request uri http://localhost:4873/-/user/org.couchdb.user:wangshijun
6 verbose request new user, so can't send auth
7 info attempt registry request try #1 at 8:03:41 AM
8 verbose request id 709d349d768f00d5
9 http request PUT http://localhost:4873/-/user/org.couchdb.user:wangshijun
10 info retry will retry, error on last attempt: Error: connect ECONNREFUSED 127.0.0.1:4873
11 info attempt registry request try #2 at 8:03:51 AM
12 http request PUT http://localhost:4873/-/user/org.couchdb.user:wangshijun
13 info retry will retry, error on last attempt: Error: connect ECONNREFUSED 127.0.0.1:4873
14 info attempt registry request try #3 at 8:04:51 AM
15 http request PUT http://localhost:4873/-/user/org.couchdb.user:wangshijun
16 verbose request invalidating /Users/wangshijun/.npm/localhost_4873/-/user/org.couchdb.user_3Awangshijun on PUT
17 verbose adduser back [ { [Error: connect ECONNREFUSED 127.0.0.1:4873]
17 verbose adduser     code: 'ECONNREFUSED',
17 verbose adduser     errno: 'ECONNREFUSED',
17 verbose adduser     syscall: 'connect',
17 verbose adduser     address: '127.0.0.1',
17 verbose adduser     port: 4873 },
17 verbose adduser   undefined,
17 verbose adduser   undefined ]
18 verbose stack Error: connect ECONNREFUSED 127.0.0.1:4873
18 verbose stack     at Object.exports._errnoException (util.js:874:11)
18 verbose stack     at exports._exceptionWithHostPort (util.js:897:20)
18 verbose stack     at TCPConnectWrap.afterConnect [as oncomplete] (net.js:1063:14)
19 verbose cwd /Users/wangshijun/Develop/maiziedu/hello-npm
20 error Darwin 15.3.0
21 error argv "/Users/wangshijun/.nvm/versions/node/v4.2.1/bin/node" "/Users/wangshijun/.nvm/versions/node/v4.2.1/bin/npm" "login"
22 error node v4.2.1
23 error npm  v3.8.1
24 error code ECONNREFUSED
25 error errno ECONNREFUSED
26 error syscall connect
27 error Error: connect ECONNREFUSED 127.0.0.1:4873
27 error     at Object.exports._errnoException (util.js:874:11)
27 error     at exports._exceptionWithHostPort (util.js:897:20)
27 error     at TCPConnectWrap.afterConnect [as oncomplete] (net.js:1063:14)
27 error  { [Error: connect ECONNREFUSED 127.0.0.1:4873]
27 error   code: 'ECONNREFUSED',
27 error   errno: 'ECONNREFUSED',
27 error   syscall: 'connect',
27 error   address: '127.0.0.1',
27 error   port: 4873 }
28 error If you are behind a proxy, please make sure that the
28 error 'proxy' config is set properly.  See: 'npm help config'
29 verbose exit [ 1, true ]
